<?xml version="1.0" encoding="UTF-8"?>
<!-- Generated by org.testng.reporters.JUnitXMLReporter -->
<testsuite ignored="0" hostname="LAPTOP-JJ84U0A2" failures="1" tests="4" name="EntrataHomeTest" time="48.076" errors="0" timestamp="2025-07-22T21:37:40 IST">
  <testcase classname="Module1_Test.EntrataHomeTestPage" name="verifyHomePageTitle" time="0.484"/>
  <testcase classname="Module1_Test.EntrataHomeTestPage" name="navigate_to_signup" time="19.81"/>
  <testcase classname="Module1_Test.EntrataHomeTestPage" name="logintoapp" time="2.189"/>
  <testcase classname="Module1_Test.EntrataHomeTestPage" name="verifyerrormessage" time="0.19">
    <failure type="java.io.FileNotFoundException" message="C:\Users\dhira\eclipse-workspace\Entrata_project_assesment_sample\framework.xlsx (The system cannot find the file specified)">
      <![CDATA[java.io.FileNotFoundException: C:\Users\dhira\eclipse-workspace\Entrata_project_assesment_sample\framework.xlsx (The system cannot find the file specified)
at java.base/java.io.FileInputStream.open0(Native Method)
at java.base/java.io.FileInputStream.open(FileInputStream.java:213)
at java.base/java.io.FileInputStream.<init>(FileInputStream.java:152)
at java.base/java.io.FileInputStream.<init>(FileInputStream.java:106)
at LibraryFile.UtilityClass.getTD(UtilityClass.java:22)
at Module1_Test.EntrataHomeTestPage.verifyerrormessage(EntrataHomeTestPage.java:67)
at java.base/java.util.ArrayList.forEach(ArrayList.java:1596)
... Removed 25 stack frames]]>
    </failure>
  </testcase> <!-- verifyerrormessage -->
</testsuite> <!-- EntrataHomeTest -->
