<?xml version="1.0" encoding="UTF-8"?>
<!-- Generated by org.testng.reporters.JUnitXMLReporter -->
<testsuite ignored="0" hostname="LAPTOP-JJ84U0A2" failures="0" tests="5" name="Default test" time="37.334" errors="0" timestamp="2025-07-31T15:50:34 IST">
  <testcase classname="Module1_Test.EntrataHomeTestPage" name="verifyHomePageTitle" time="0.34"/>
  <testcase classname="Module1_Test.EntrataHomeTestPage" name="navigate_to_signup" time="11.702"/>
  <testcase classname="Module1_Test.EntrataHomeTestPage" name="logintoapp" time="1.095"/>
  <testcase classname="Module1_Test.EntrataHomeTestPage" name="verifyerrormessage" time="0.072"/>
  <testcase classname="Module1_Test.EntrataHomeTestPage" name="verifycommertest" time="12.378"/>
</testsuite> <!-- Default test -->
