<?xml version="1.0" encoding="UTF-8"?>
<!-- Generated by org.testng.reporters.JUnitXMLReporter -->
<testsuite ignored="0" hostname="LAPTOP-JJ84U0A2" failures="0" tests="5" name="Test" time="37.834" errors="0" timestamp="2025-07-31T15:57:57 IST">
  <testcase classname="Module1_Test.EntrataHomeTestPage" name="verifyHomePageTitle" time="0.462"/>
  <testcase classname="Module1_Test.EntrataHomeTestPage" name="navigate_to_signup" time="12.897"/>
  <testcase classname="Module1_Test.EntrataHomeTestPage" name="logintoapp" time="0.805"/>
  <testcase classname="Module1_Test.EntrataHomeTestPage" name="verifyerrormessage" time="0.073"/>
  <testcase classname="Module1_Test.EntrataHomeTestPage" name="verifycommertest" time="12.242"/>
</testsuite> <!-- Test -->
