<?xml version="1.0" encoding="UTF-8"?>
<testng-results ignored="0" total="5" passed="5" failed="0" skipped="0">
  <reporter-output>
  </reporter-output>
  <suite started-at="2025-07-31T15:57:19 IST" name="Suite" finished-at="2025-07-31T15:57:57 IST" duration-ms="37834">
    <groups>
    </groups>
    <test started-at="2025-07-31T15:57:19 IST" name="Test" finished-at="2025-07-31T15:57:57 IST" duration-ms="37834">
      <class name="Module1_Test.EntrataHomeTestPage">
        <test-method is-config="true" signature="setupReport()[pri:0, instance:Module1_Test.EntrataHomeTestPage@4a83a74a]" started-at="2025-07-31T15:57:18 IST" name="setupReport" finished-at="2025-07-31T15:57:19 IST" duration-ms="451" status="PASS">
          <reporter-output>
          </reporter-output>
        </test-method> <!-- setupReport -->
        <test-method is-config="true" signature="setup(java.lang.String)[pri:0, instance:Module1_Test.EntrataHomeTestPage@4a83a74a]" started-at="2025-07-31T15:57:19 IST" name="setup" finished-at="2025-07-31T15:57:29 IST" duration-ms="10612" status="PASS">
          <params>
            <param index="0">
              <value>
                <![CDATA[https://www.entrata.com]]>
              </value>
            </param>
          </params>
          <reporter-output>
          </reporter-output>
        </test-method> <!-- setup -->
        <test-method signature="verifyHomePageTitle()[pri:1, instance:Module1_Test.EntrataHomeTestPage@4a83a74a]" started-at="2025-07-31T15:57:29 IST" name="verifyHomePageTitle" finished-at="2025-07-31T15:57:30 IST" duration-ms="462" status="PASS">
          <reporter-output>
          </reporter-output>
        </test-method> <!-- verifyHomePageTitle -->
        <test-method is-config="true" signature="logoutFromApp(org.testng.ITestResult)[pri:0, instance:Module1_Test.EntrataHomeTestPage@4a83a74a]" started-at="2025-07-31T15:57:30 IST" name="logoutFromApp" finished-at="2025-07-31T15:57:30 IST" duration-ms="3" status="PASS">
          <params>
            <param index="0">
              <value>
                <![CDATA[[TestResult name=verifyHomePageTitle status=SUCCESS method=EntrataHomeTestPage.verifyHomePageTitle()[pri:1, instance:Module1_Test.EntrataHomeTestPage@4a83a74a] output={null}]]]>
              </value>
            </param>
          </params>
          <reporter-output>
          </reporter-output>
        </test-method> <!-- logoutFromApp -->
        <test-method signature="navigate_to_signup()[pri:2, instance:Module1_Test.EntrataHomeTestPage@4a83a74a]" started-at="2025-07-31T15:57:30 IST" name="navigate_to_signup" finished-at="2025-07-31T15:57:43 IST" duration-ms="12897" status="PASS">
          <reporter-output>
          </reporter-output>
        </test-method> <!-- navigate_to_signup -->
        <test-method is-config="true" signature="logoutFromApp(org.testng.ITestResult)[pri:0, instance:Module1_Test.EntrataHomeTestPage@4a83a74a]" started-at="2025-07-31T15:57:43 IST" name="logoutFromApp" finished-at="2025-07-31T15:57:43 IST" duration-ms="0" status="PASS">
          <params>
            <param index="0">
              <value>
                <![CDATA[[TestResult name=navigate_to_signup status=SUCCESS method=EntrataHomeTestPage.navigate_to_signup()[pri:2, instance:Module1_Test.EntrataHomeTestPage@4a83a74a] output={null}]]]>
              </value>
            </param>
          </params>
          <reporter-output>
          </reporter-output>
        </test-method> <!-- logoutFromApp -->
        <test-method signature="logintoapp()[pri:3, instance:Module1_Test.EntrataHomeTestPage@4a83a74a]" started-at="2025-07-31T15:57:43 IST" name="logintoapp" finished-at="2025-07-31T15:57:44 IST" duration-ms="805" status="PASS">
          <reporter-output>
          </reporter-output>
        </test-method> <!-- logintoapp -->
        <test-method is-config="true" signature="logoutFromApp(org.testng.ITestResult)[pri:0, instance:Module1_Test.EntrataHomeTestPage@4a83a74a]" started-at="2025-07-31T15:57:44 IST" name="logoutFromApp" finished-at="2025-07-31T15:57:44 IST" duration-ms="0" status="PASS">
          <params>
            <param index="0">
              <value>
                <![CDATA[[TestResult name=logintoapp status=SUCCESS method=EntrataHomeTestPage.logintoapp()[pri:3, instance:Module1_Test.EntrataHomeTestPage@4a83a74a] output={null}]]]>
              </value>
            </param>
          </params>
          <reporter-output>
          </reporter-output>
        </test-method> <!-- logoutFromApp -->
        <test-method signature="verifyerrormessage()[pri:4, instance:Module1_Test.EntrataHomeTestPage@4a83a74a]" started-at="2025-07-31T15:57:44 IST" name="verifyerrormessage" finished-at="2025-07-31T15:57:44 IST" duration-ms="73" status="PASS">
          <reporter-output>
          </reporter-output>
        </test-method> <!-- verifyerrormessage -->
        <test-method is-config="true" signature="logoutFromApp(org.testng.ITestResult)[pri:0, instance:Module1_Test.EntrataHomeTestPage@4a83a74a]" started-at="2025-07-31T15:57:44 IST" name="logoutFromApp" finished-at="2025-07-31T15:57:44 IST" duration-ms="8" status="PASS">
          <params>
            <param index="0">
              <value>
                <![CDATA[[TestResult name=verifyerrormessage status=SUCCESS method=EntrataHomeTestPage.verifyerrormessage()[pri:4, instance:Module1_Test.EntrataHomeTestPage@4a83a74a] output={null}]]]>
              </value>
            </param>
          </params>
          <reporter-output>
          </reporter-output>
        </test-method> <!-- logoutFromApp -->
        <test-method signature="verifycommertest()[pri:5, instance:Module1_Test.EntrataHomeTestPage@4a83a74a]" started-at="2025-07-31T15:57:44 IST" name="verifycommertest" finished-at="2025-07-31T15:57:56 IST" duration-ms="12242" status="PASS">
          <reporter-output>
          </reporter-output>
        </test-method> <!-- verifycommertest -->
        <test-method is-config="true" signature="logoutFromApp(org.testng.ITestResult)[pri:0, instance:Module1_Test.EntrataHomeTestPage@4a83a74a]" started-at="2025-07-31T15:57:56 IST" name="logoutFromApp" finished-at="2025-07-31T15:57:56 IST" duration-ms="3" status="PASS">
          <params>
            <param index="0">
              <value>
                <![CDATA[[TestResult name=verifycommertest status=SUCCESS method=EntrataHomeTestPage.verifycommertest()[pri:5, instance:Module1_Test.EntrataHomeTestPage@4a83a74a] output={null}]]]>
              </value>
            </param>
          </params>
          <reporter-output>
          </reporter-output>
        </test-method> <!-- logoutFromApp -->
        <test-method is-config="true" signature="tearDown()[pri:0, instance:Module1_Test.EntrataHomeTestPage@4a83a74a]" started-at="2025-07-31T15:57:56 IST" name="tearDown" finished-at="2025-07-31T15:57:57 IST" duration-ms="623" status="PASS">
          <reporter-output>
          </reporter-output>
        </test-method> <!-- tearDown -->
        <test-method is-config="true" signature="flushReport()[pri:0, instance:Module1_Test.EntrataHomeTestPage@4a83a74a]" started-at="2025-07-31T15:57:57 IST" name="flushReport" finished-at="2025-07-31T15:57:57 IST" duration-ms="613" status="PASS">
          <reporter-output>
          </reporter-output>
        </test-method> <!-- flushReport -->
      </class> <!-- Module1_Test.EntrataHomeTestPage -->
    </test> <!-- Test -->
  </suite> <!-- Suite -->
</testng-results>
