<?xml version="1.0" encoding="UTF-8"?>
<testng-results ignored="0" total="4" passed="3" failed="1" skipped="0">
  <reporter-output>
  </reporter-output>
  <suite started-at="2025-07-22T21:36:51 IST" name="EntrataTestSuite" finished-at="2025-07-22T21:37:40 IST" duration-ms="48076">
    <groups>
    </groups>
    <test started-at="2025-07-22T21:36:51 IST" name="EntrataHomeTest" finished-at="2025-07-22T21:37:40 IST" duration-ms="48076">
      <class name="Module1_Test.EntrataHomeTestPage">
        <test-method is-config="true" signature="setup(java.lang.String)[pri:0, instance:Module1_Test.EntrataHomeTestPage@742ff096]" started-at="2025-07-22T21:36:52 IST" name="setup" finished-at="2025-07-22T21:37:16 IST" duration-ms="24237" status="PASS">
          <params>
            <param index="0">
              <value>
                <![CDATA[https://www.entrata.com/]]>
              </value>
            </param>
          </params>
          <reporter-output>
          </reporter-output>
        </test-method> <!-- setup -->
        <test-method signature="verifyHomePageTitle()[pri:1, instance:Module1_Test.EntrataHomeTestPage@742ff096]" started-at="2025-07-22T21:37:16 IST" name="verifyHomePageTitle" finished-at="2025-07-22T21:37:16 IST" duration-ms="484" status="PASS">
          <reporter-output>
          </reporter-output>
        </test-method> <!-- verifyHomePageTitle -->
        <test-method is-config="true" signature="logoutFromApp(org.testng.ITestResult)[pri:0, instance:Module1_Test.EntrataHomeTestPage@742ff096]" started-at="2025-07-22T21:37:16 IST" name="logoutFromApp" finished-at="2025-07-22T21:37:16 IST" duration-ms="16" status="PASS">
          <params>
            <param index="0">
              <value>
                <![CDATA[[TestResult name=verifyHomePageTitle status=SUCCESS method=EntrataHomeTestPage.verifyHomePageTitle()[pri:1, instance:Module1_Test.EntrataHomeTestPage@742ff096] output={null}]]]>
              </value>
            </param>
          </params>
          <reporter-output>
          </reporter-output>
        </test-method> <!-- logoutFromApp -->
        <test-method signature="navigate_to_signup()[pri:2, instance:Module1_Test.EntrataHomeTestPage@742ff096]" started-at="2025-07-22T21:37:16 IST" name="navigate_to_signup" finished-at="2025-07-22T21:37:36 IST" duration-ms="19810" status="PASS">
          <reporter-output>
          </reporter-output>
        </test-method> <!-- navigate_to_signup -->
        <test-method is-config="true" signature="logoutFromApp(org.testng.ITestResult)[pri:0, instance:Module1_Test.EntrataHomeTestPage@742ff096]" started-at="2025-07-22T21:37:36 IST" name="logoutFromApp" finished-at="2025-07-22T21:37:36 IST" duration-ms="0" status="PASS">
          <params>
            <param index="0">
              <value>
                <![CDATA[[TestResult name=navigate_to_signup status=SUCCESS method=EntrataHomeTestPage.navigate_to_signup()[pri:2, instance:Module1_Test.EntrataHomeTestPage@742ff096] output={null}]]]>
              </value>
            </param>
          </params>
          <reporter-output>
          </reporter-output>
        </test-method> <!-- logoutFromApp -->
        <test-method signature="logintoapp()[pri:3, instance:Module1_Test.EntrataHomeTestPage@742ff096]" started-at="2025-07-22T21:37:36 IST" name="logintoapp" finished-at="2025-07-22T21:37:38 IST" duration-ms="2189" status="PASS">
          <reporter-output>
          </reporter-output>
        </test-method> <!-- logintoapp -->
        <test-method is-config="true" signature="logoutFromApp(org.testng.ITestResult)[pri:0, instance:Module1_Test.EntrataHomeTestPage@742ff096]" started-at="2025-07-22T21:37:38 IST" name="logoutFromApp" finished-at="2025-07-22T21:37:38 IST" duration-ms="3" status="PASS">
          <params>
            <param index="0">
              <value>
                <![CDATA[[TestResult name=logintoapp status=SUCCESS method=EntrataHomeTestPage.logintoapp()[pri:3, instance:Module1_Test.EntrataHomeTestPage@742ff096] output={null}]]]>
              </value>
            </param>
          </params>
          <reporter-output>
          </reporter-output>
        </test-method> <!-- logoutFromApp -->
        <test-method signature="verifyerrormessage()[pri:4, instance:Module1_Test.EntrataHomeTestPage@742ff096]" started-at="2025-07-22T21:37:38 IST" name="verifyerrormessage" finished-at="2025-07-22T21:37:39 IST" duration-ms="190" status="FAIL">
          <exception class="java.io.FileNotFoundException">
            <message>
              <![CDATA[C:\Users\dhira\eclipse-workspace\Entrata_project_assesment_sample\framework.xlsx (The system cannot find the file specified)]]>
            </message>
            <full-stacktrace>
              <![CDATA[java.io.FileNotFoundException: C:\Users\dhira\eclipse-workspace\Entrata_project_assesment_sample\framework.xlsx (The system cannot find the file specified)
at java.base/java.io.FileInputStream.open0(Native Method)
at java.base/java.io.FileInputStream.open(FileInputStream.java:213)
at java.base/java.io.FileInputStream.<init>(FileInputStream.java:152)
at java.base/java.io.FileInputStream.<init>(FileInputStream.java:106)
at LibraryFile.UtilityClass.getTD(UtilityClass.java:22)
at Module1_Test.EntrataHomeTestPage.verifyerrormessage(EntrataHomeTestPage.java:67)
at java.base/jdk.internal.reflect.DirectMethodHandleAccessor.invoke(DirectMethodHandleAccessor.java:103)
at java.base/java.lang.reflect.Method.invoke(Method.java:580)
at org.testng.internal.invokers.MethodInvocationHelper.invokeMethod(MethodInvocationHelper.java:139)
at org.testng.internal.invokers.TestInvoker.invokeMethod(TestInvoker.java:664)
at org.testng.internal.invokers.TestInvoker.invokeTestMethod(TestInvoker.java:228)
at org.testng.internal.invokers.MethodRunner.runInSequence(MethodRunner.java:63)
at org.testng.internal.invokers.TestInvoker$MethodInvocationAgent.invoke(TestInvoker.java:961)
at org.testng.internal.invokers.TestInvoker.invokeTestMethods(TestInvoker.java:201)
at org.testng.internal.invokers.TestMethodWorker.invokeTestMethods(TestMethodWorker.java:148)
at org.testng.internal.invokers.TestMethodWorker.run(TestMethodWorker.java:128)
at java.base/java.util.ArrayList.forEach(ArrayList.java:1596)
at org.testng.TestRunner.privateRun(TestRunner.java:819)
at org.testng.TestRunner.run(TestRunner.java:619)
at org.testng.SuiteRunner.runTest(SuiteRunner.java:443)
at org.testng.SuiteRunner.runSequentially(SuiteRunner.java:437)
at org.testng.SuiteRunner.privateRun(SuiteRunner.java:397)
at org.testng.SuiteRunner.run(SuiteRunner.java:336)
at org.testng.SuiteRunnerWorker.runSuite(SuiteRunnerWorker.java:52)
at org.testng.SuiteRunnerWorker.run(SuiteRunnerWorker.java:95)
at org.testng.TestNG.runSuitesSequentially(TestNG.java:1301)
at org.testng.TestNG.runSuitesLocally(TestNG.java:1228)
at org.testng.TestNG.runSuites(TestNG.java:1134)
at org.testng.TestNG.run(TestNG.java:1101)
at org.testng.remote.AbstractRemoteTestNG.run(AbstractRemoteTestNG.java:115)
at org.testng.remote.RemoteTestNG.initAndRun(RemoteTestNG.java:293)
at org.testng.remote.RemoteTestNG.main(RemoteTestNG.java:91)
]]>
            </full-stacktrace>
          </exception> <!-- java.io.FileNotFoundException -->
          <reporter-output>
          </reporter-output>
        </test-method> <!-- verifyerrormessage -->
        <test-method is-config="true" signature="logoutFromApp(org.testng.ITestResult)[pri:0, instance:Module1_Test.EntrataHomeTestPage@742ff096]" started-at="2025-07-22T21:37:39 IST" name="logoutFromApp" finished-at="2025-07-22T21:37:40 IST" duration-ms="839" status="PASS">
          <params>
            <param index="0">
              <value>
                <![CDATA[[TestResult name=verifyerrormessage status=FAILURE method=EntrataHomeTestPage.verifyerrormessage()[pri:4, instance:Module1_Test.EntrataHomeTestPage@742ff096] output={null}]]]>
              </value>
            </param>
          </params>
          <reporter-output>
          </reporter-output>
        </test-method> <!-- logoutFromApp -->
      </class> <!-- Module1_Test.EntrataHomeTestPage -->
    </test> <!-- EntrataHomeTest -->
  </suite> <!-- EntrataTestSuite -->
</testng-results>
